<?xml version="1.0" encoding="UTF-8"?>
<!-- Generated by org.testng.reporters.JUnitReportReporter -->
<testsuite hostname="DESKTOP-KMN6TAK" failures="0" tests="1" name="com.nexsoft.testng.dataabsen.UserBiodataTest" time="3.028" errors="0" timestamp="2022-06-14T21:00:45 ICT" skipped="0">
  <testcase classname="com.nexsoft.testng.dataabsen.UserBiodataTest" name="login" time="3.028"/>
  <system-out/>
</testsuite> <!-- com.nexsoft.testng.dataabsen.UserBiodataTest -->
